Der Buildvorgang wurde am 12.02.2013 17:40:21 gestartet.
     1>Projekt "C:\Users\yjungmann\Documents\Visual Studio 2010\Projects\GruppeA\GruppeA\GruppeA.vcxproj" auf Knoten "2", build Ziel(e).
     1>InitializeBuildStatus:
         "Debug\GruppeA.unsuccessfulbuild" wird erstellt, da "AlwaysCreate" angegeben wurde.
       ClCompile:
         C:\Program Files\Microsoft Visual Studio 10.0\VC\bin\CL.exe /c /ZI /nologo /W3 /WX- /Od /Oy- /D _MBCS /Gm /EHsc /RTC1 /MDd /GS /fp:precise /Zc:wchar_t /Zc:forScope /Fo"Debug\\" /Fd"Debug\vc100.pdb" /Gd /TC /analyze- /errorReport:prompt ..\bridges.c
         bridges.c
     1>c:\users\yjungmann\documents\visual studio 2010\projects\gruppea\bridges.c(13): warning C4013: 'system' undefiniert; Annahme: extern mit Rückgabetyp int
     1>c:\users\yjungmann\documents\visual studio 2010\projects\gruppea\bridges.c(105): warning C4996: 'scanf': This function or variable may be unsafe. Consider using scanf_s instead. To disable deprecation, use _CRT_SECURE_NO_WARNINGS. See online help for details.
                 c:\program files\microsoft visual studio 10.0\vc\include\stdio.h(304): Siehe Deklaration von 'scanf'
     1>c:\users\yjungmann\documents\visual studio 2010\projects\gruppea\bridges.c(107): warning C4996: 'scanf': This function or variable may be unsafe. Consider using scanf_s instead. To disable deprecation, use _CRT_SECURE_NO_WARNINGS. See online help for details.
                 c:\program files\microsoft visual studio 10.0\vc\include\stdio.h(304): Siehe Deklaration von 'scanf'
     1>c:\users\yjungmann\documents\visual studio 2010\projects\gruppea\bridges.c(15): warning C4716: 'playBrides': Muss einen Wert zurückgeben
       Link:
         C:\Program Files\Microsoft Visual Studio 10.0\VC\bin\link.exe /ERRORREPORT:PROMPT /OUT:"C:\Users\yjungmann\Documents\Visual Studio 2010\Projects\GruppeA\Debug\GruppeA.exe" /NOLOGO kernel32.lib user32.lib gdi32.lib winspool.lib comdlg32.lib advapi32.lib shell32.lib ole32.lib oleaut32.lib uuid.lib odbc32.lib odbccp32.lib /MANIFEST /ManifestFile:"Debug\GruppeA.exe.intermediate.manifest" /MANIFESTUAC:"level='asInvoker' uiAccess='false'" /DEBUG /PDB:"C:\Users\yjungmann\Documents\Visual Studio 2010\Projects\GruppeA\Debug\GruppeA.pdb" /TLBID:1 /DYNAMICBASE /NXCOMPAT /IMPLIB:"C:\Users\yjungmann\Documents\Visual Studio 2010\Projects\GruppeA\Debug\GruppeA.lib" /MACHINE:X86 Debug\function.obj
         Debug\main.obj
         Debug\sql_function.obj
         Debug\start_game.obj
         Debug\bridges.obj
         LINK : C:\Users\yjungmann\Documents\Visual Studio 2010\Projects\GruppeA\Debug\GruppeA.exe wurde nicht gefunden oder beim letzten inkrementellen Linkvorgang nicht erstellt; vollständiger Link wird durchgeführt.
         GruppeA.vcxproj -> C:\Users\yjungmann\Documents\Visual Studio 2010\Projects\GruppeA\Debug\GruppeA.exe
       Manifest:
         C:\Program Files\Microsoft SDKs\Windows\v7.0A\bin\mt.exe /nologo /verbose /outputresource:"C:\Users\yjungmann\Documents\Visual Studio 2010\Projects\GruppeA\Debug\GruppeA.exe;#1" /manifest Debug\GruppeA.exe.intermediate.manifest
       FinalizeBuildStatus:
         Die Datei "Debug\GruppeA.unsuccessfulbuild" wird gelöscht.
         Aktualisieren des Timestamps von "Debug\GruppeA.lastbuildstate".
     1>Die Erstellung des Projekts "C:\Users\yjungmann\Documents\Visual Studio 2010\Projects\GruppeA\GruppeA\GruppeA.vcxproj" ist abgeschlossen, build Ziel(e).

Das Erstellen war erfolgreich.

Verstrichene Zeit 00:00:00.66
